6e72d80a # 2026-02-24 08:57:15 # "pg52484-images.epub" # ANALYZE
6e72d80a # 2026-02-24 08:57:45 # "pg52484-images.epub" # GENERATE
6e72d80a # 2026-02-24 09:00:06 # "pg52484-images.epub" # CANCEL
354dfd20 # 2026-02-24 09:00:45 # "Drive (James S. A. Corey) (Z-Library).epub" # ANALYZE
354dfd20 # 2026-02-24 09:00:55 # "Drive (James S. A. Corey) (Z-Library).epub" # GENERATE
354dfd20 # 2026-02-24 09:07:04 # "Drive (James S. A. Corey) (Z-Library).epub" # COMPLETE
354dfd20 # 2026-02-24 09:26:49 # "Drive (James S. A. Corey) (Z-Library).epub" # DOWNLOAD_PODCAST
6a07735a # 2026-02-24 10:29:25 # "La_differenza_fondamentale_Luciano_F_z_library_sk,_1lib_sk, (1).epub" # ANALYZE
6a07735a # 2026-02-24 10:29:46 # "La_differenza_fondamentale_Luciano_F_z_library_sk,_1lib_sk, (1).epub" # GENERATE
6a07735a # 2026-02-24 10:33:56 # "La_differenza_fondamentale_Luciano_F_z_library_sk,_1lib_sk, (1).epub" # CANCEL
e02bee04 # 2026-02-26 11:36:40 # "pg52484-images.epub" # ANALYZE
b9be26cb # 2026-02-26 11:38:54 # "Drive (James S. A. Corey) (Z-Library).epub" # ANALYZE
f64481aa # 2026-02-26 11:40:21 # "Nel mare ci sono i coccodrilli (Fabio Geda) (Z-Library).epub" # ANALYZE
b63bbf49 # 2026-02-26 11:59:04 # "libretto-esefrat2024-epub-c.epub" # ANALYZE
f972833e # 2026-02-26 12:01:30 # "Nel mare ci sono i coccodrilli (Fabio Geda) (Z-Library).epub" # ANALYZE
6713d74c # 2026-02-26 12:08:14 # "Nel mare ci sono i coccodrilli (Fabio Geda) (Z-Library).epub" # ANALYZE
4e178cbe # 2026-02-26 12:09:14 # "Nel mare ci sono i coccodrilli (Fabio Geda) (Z-Library).epub" # ANALYZE
b9e84fe6 # 2026-02-26 12:16:10 # "Nel mare ci sono i coccodrilli (Fabio Geda) (Z-Library).epub" # ANALYZE
4f5aa2c6 # 2026-02-26 12:21:04 # "Nel mare ci sono i coccodrilli (Fabio Geda) (Z-Library).epub" # ANALYZE
37a35056 # 2026-02-26 12:27:15 # "Nel mare ci sono i coccodrilli (Fabio Geda) (Z-Library).epub" # ANALYZE
35257171 # 2026-02-26 12:36:42 # "libretto-esefrat2024-epub-c.epub" # ANALYZE
a28ba129 # 2026-02-26 13:07:02 # "Nel mare ci sono i coccodrilli (Fabio Geda) (Z-Library).epub" # ANALYZE
a28ba129 # 2026-02-26 13:07:16 # "Nel mare ci sono i coccodrilli (Fabio Geda) (Z-Library).epub" # GENERATE
a28ba129 # 2026-02-26 13:10:30 # "Nel mare ci sono i coccodrilli (Fabio Geda) (Z-Library).epub" # CANCEL
2c303275 # 2026-02-26 14:23:30 # "Nel mare ci sono i coccodrilli (Fabio Geda) (Z-Library).epub" # ANALYZE
2c303275 # 2026-02-26 14:23:41 # "Nel mare ci sono i coccodrilli (Fabio Geda) (Z-Library).epub" # GENERATE
